<?xml version="1.0" encoding="UTF-8"?>
<!-- Generated by org.testng.reporters.JUnitXMLReporter -->
<testsuite ignored="0" hostname="LAPTOP-EQ8DSET5" failures="0" tests="4" name="Default test" time="146.134" errors="0" timestamp="2023-04-06T12:21:17 CET">
  <testcase classname="tests.Offline_Authentification" name="login" time="25.043"/>
  <testcase classname="tests.Offline_Control_Mode" name="CreationSite" time="7.392"/>
  <testcase classname="tests.Offline_Control_Mode" name="Creation_Area" time="10.152"/>
  <testcase classname="tests.Offline_Control_Mode" name="add_Device" time="77.925"/>
</testsuite> <!-- Default test -->
