<?xml version="1.0" encoding="UTF-8"?>
<!-- Generated by org.testng.reporters.JUnitXMLReporter -->
<testsuite ignored="0" hostname="LAPTOP-EQ8DSET5" failures="0" tests="3" name="Default test" time="80.559" errors="0" timestamp="2023-04-03T11:50:12 CET">
  <testcase classname="tests.Offline_Authentification" name="login" time="28.896"/>
  <testcase classname="tests.Offline_Control_Mode" name="CreationSite" time="7.879"/>
  <testcase classname="tests.Offline_Control_Mode" name="Creation_Area" time="10.333"/>
</testsuite> <!-- Default test -->
