<?xml version="1.0" encoding="UTF-8"?>
<!-- Generated by org.testng.reporters.JUnitXMLReporter -->
<testsuite ignored="6" hostname="LAPTOP-EQ8DSET5" failures="7" tests="8" name="Test" time="34.112" errors="0" timestamp="2023-05-16T01:56:46 CET">
  <testcase classname="tests.offline_Authentication" name="login" time="34.018"/>
  <testcase classname="tests.provisionningManagement" name="CreationSite" time="0.005">
    <failure type="java.lang.NullPointerException" message="Cannot read field &amp;quot;extent&amp;quot; because &amp;quot;this.extentreport&amp;quot; is null">
      <![CDATA[java.lang.NullPointerException: Cannot read field "extent" because "this.extentreport" is null
at tests.provisionningManagement.CreationSite(provisionningManagement.java:55)
at java.base/java.util.ArrayList.forEach(ArrayList.java:1511)
... Removed 27 stack frames]]>
    </failure>
  </testcase> <!-- CreationSite -->
  <testcase classname="tests.provisionningManagement" name="Creation_Area" time="0.002">
    <failure type="java.lang.NullPointerException" message="Cannot read field &amp;quot;extent&amp;quot; because &amp;quot;this.extentreport&amp;quot; is null">
      <![CDATA[java.lang.NullPointerException: Cannot read field "extent" because "this.extentreport" is null
at tests.provisionningManagement.Creation_Area(provisionningManagement.java:98)
at java.base/java.util.ArrayList.forEach(ArrayList.java:1511)
... Removed 27 stack frames]]>
    </failure>
  </testcase> <!-- Creation_Area -->
  <testcase classname="tests.provisionningManagement" name="addDevice" time="0.002">
    <failure type="java.lang.NullPointerException" message="Cannot read field &amp;quot;extent&amp;quot; because &amp;quot;this.extentreport&amp;quot; is null">
      <![CDATA[java.lang.NullPointerException: Cannot read field "extent" because "this.extentreport" is null
at tests.provisionningManagement.addDevice(provisionningManagement.java:128)
at java.base/java.util.ArrayList.forEach(ArrayList.java:1511)
... Removed 27 stack frames]]>
    </failure>
  </testcase> <!-- addDevice -->
  <testcase classname="tests.provisionningManagement" name="editDeviceCategory" time="0.002">
    <failure type="java.lang.NullPointerException" message="Cannot read field &amp;quot;extent&amp;quot; because &amp;quot;this.extentreport&amp;quot; is null">
      <![CDATA[java.lang.NullPointerException: Cannot read field "extent" because "this.extentreport" is null
at tests.provisionningManagement.editDeviceCategory(provisionningManagement.java:204)
at java.base/java.util.ArrayList.forEach(ArrayList.java:1511)
... Removed 27 stack frames]]>
    </failure>
  </testcase> <!-- editDeviceCategory -->
  <testcase classname="tests.DevicesControl" name="addAutomationOnce" time="0.001">
    <failure type="java.lang.NullPointerException" message="Cannot read field &amp;quot;extent&amp;quot; because &amp;quot;this.extentreport&amp;quot; is null">
      <![CDATA[java.lang.NullPointerException: Cannot read field "extent" because "this.extentreport" is null
at tests.DevicesControl.addAutomationOnce(DevicesControl.java:151)
at java.base/java.util.ArrayList.forEach(ArrayList.java:1511)
... Removed 27 stack frames]]>
    </failure>
  </testcase> <!-- addAutomationOnce -->
  <testcase classname="tests.DevicesControl" name="addFav" time="0.001">
    <failure type="java.lang.NullPointerException" message="Cannot read field &amp;quot;extent&amp;quot; because &amp;quot;this.extentreport&amp;quot; is null">
      <![CDATA[java.lang.NullPointerException: Cannot read field "extent" because "this.extentreport" is null
at tests.DevicesControl.addFav(DevicesControl.java:50)
at java.base/java.util.ArrayList.forEach(ArrayList.java:1511)
... Removed 27 stack frames]]>
    </failure>
  </testcase> <!-- addFav -->
  <testcase classname="tests.DevicesControl" name="removeFav" time="0.002">
    <failure type="java.lang.NullPointerException" message="Cannot read field &amp;quot;extent&amp;quot; because &amp;quot;this.extentreport&amp;quot; is null">
      <![CDATA[java.lang.NullPointerException: Cannot read field "extent" because "this.extentreport" is null
at tests.DevicesControl.removeFav(DevicesControl.java:102)
at java.base/java.util.ArrayList.forEach(ArrayList.java:1511)
... Removed 27 stack frames]]>
    </failure>
  </testcase> <!-- removeFav -->
  <testcase classname="tests.provisionningManagement" name="getStatus" time="0.0">
    <ignored/>
  </testcase> <!-- getStatus -->
  <testcase classname="tests.provisionningManagement" name="editDeviceName" time="0.0">
    <ignored/>
  </testcase> <!-- editDeviceName -->
  <testcase classname="Config.baseClass" name="@BeforeSuite setup" time="0.0">
    <ignored/>
  </testcase> <!-- @BeforeSuite setup -->
  <testcase classname="Config.baseClass" name="@BeforeSuite setup" time="0.0">
    <ignored/>
  </testcase> <!-- @BeforeSuite setup -->
  <testcase classname="Config.baseClass" name="@AfterSuite tearDown" time="0.0">
    <ignored/>
  </testcase> <!-- @AfterSuite tearDown -->
  <testcase classname="tests.DevicesControl" name="@AfterSuite tearDown" time="0.0">
    <ignored/>
  </testcase> <!-- @AfterSuite tearDown -->
</testsuite> <!-- Test -->
