<?xml version="1.0" encoding="UTF-8"?>
<testng-results ignored="0" total="5" passed="5" failed="0" skipped="0">
  <reporter-output>
  </reporter-output>
  <suite started-at="2023-04-16T09:12:19 CET" name="Default suite" finished-at="2023-04-16T09:13:25 CET" duration-ms="65544">
    <groups>
    </groups>
    <test started-at="2023-04-16T09:12:19 CET" name="Default test" finished-at="2023-04-16T09:13:25 CET" duration-ms="65544">
      <class name="tests.Offline_Control_Mode">
        <test-method is-config="true" signature="reportSetup()[pri:0, instance:tests.Offline_Control_Mode@790174f2]" started-at="2023-04-16T09:12:18 CET" name="reportSetup" finished-at="2023-04-16T09:12:19 CET" duration-ms="724" status="PASS">
          <reporter-output>
          </reporter-output>
        </test-method> <!-- reportSetup -->
        <test-method is-config="true" signature="setup()[pri:0, instance:tests.Offline_Control_Mode@790174f2]" started-at="2023-04-16T09:12:19 CET" name="setup" finished-at="2023-04-16T09:12:37 CET" duration-ms="18109" status="PASS">
          <reporter-output>
          </reporter-output>
        </test-method> <!-- setup -->
        <test-method signature="login()[pri:0, instance:tests.Offline_Control_Mode@790174f2]" started-at="2023-04-16T09:12:37 CET" name="login" finished-at="2023-04-16T09:13:02 CET" duration-ms="24468" status="PASS">
          <reporter-output>
          </reporter-output>
        </test-method> <!-- login -->
        <test-method signature="CreationSite()[pri:0, instance:tests.Offline_Control_Mode@790174f2]" started-at="2023-04-16T09:13:02 CET" name="CreationSite" finished-at="2023-04-16T09:13:08 CET" duration-ms="6273" status="PASS">
          <reporter-output>
          </reporter-output>
        </test-method> <!-- CreationSite -->
        <test-method signature="Creation_Area()[pri:0, instance:tests.Offline_Control_Mode@790174f2]" started-at="2023-04-16T09:13:08 CET" name="Creation_Area" finished-at="2023-04-16T09:13:15 CET" duration-ms="7158" status="PASS">
          <reporter-output>
          </reporter-output>
        </test-method> <!-- Creation_Area -->
        <test-method signature="editArea()[pri:0, instance:tests.Offline_Control_Mode@790174f2]" started-at="2023-04-16T09:13:15 CET" name="editArea" finished-at="2023-04-16T09:13:17 CET" duration-ms="2078" status="PASS">
          <reporter-output>
          </reporter-output>
        </test-method> <!-- editArea -->
        <test-method signature="secondArea()[pri:0, instance:tests.Offline_Control_Mode@790174f2]" started-at="2023-04-16T09:13:17 CET" name="secondArea" finished-at="2023-04-16T09:13:23 CET" duration-ms="6191" status="PASS">
          <reporter-output>
          </reporter-output>
        </test-method> <!-- secondArea -->
        <test-method is-config="true" signature="tearDown()[pri:0, instance:tests.Offline_Control_Mode@790174f2]" started-at="2023-04-16T09:13:23 CET" name="tearDown" finished-at="2023-04-16T09:13:25 CET" duration-ms="1150" status="PASS">
          <reporter-output>
          </reporter-output>
        </test-method> <!-- tearDown -->
        <test-method is-config="true" signature="reportTearDown()[pri:0, instance:tests.Offline_Control_Mode@790174f2]" started-at="2023-04-16T09:13:25 CET" name="reportTearDown" finished-at="2023-04-16T09:13:26 CET" duration-ms="1326" status="PASS">
          <reporter-output>
          </reporter-output>
        </test-method> <!-- reportTearDown -->
      </class> <!-- tests.Offline_Control_Mode -->
    </test> <!-- Default test -->
  </suite> <!-- Default suite -->
</testng-results>
